calculator/android/app/build/intermediates/manifest_merge_blame_file/debug/manifest-merger-blame-debug-report.txt
1<?xml version="1.0" encoding="utf-8"?>
2<manifest xmlns:android="http://schemas.android.com/apk/res/android"
3    package="com.calculator"
4    android:versionCode="1"
5    android:versionName="1.0" >
6
7    <uses-sdk
8        android:minSdkVersion="21"
9        android:targetSdkVersion="30" />
10
11    <uses-permission android:name="android.permission.SYSTEM_ALERT_WINDOW" />
11-->src\main\AndroidManifest.xml:3:3-75
11-->src\main\AndroidManifest.xml:3:20-73
12    <uses-permission android:name="android.permission.INTERNET" />
12-->src\main\AndroidManifest.xml:2:3-64
12-->src\main\AndroidManifest.xml:2:20-62
13    <uses-permission android:name="android.permission.VIBRATE" />
13-->src\main\AndroidManifest.xml:4:3-63
13-->src\main\AndroidManifest.xml:4:20-61
14    <uses-permission android:name="android.permission.READ_EXTERNAL_STORAGE" />
14-->src\main\AndroidManifest.xml:5:3-77
14-->src\main\AndroidManifest.xml:5:20-75
15    <uses-permission android:name="android.permission.WRITE_EXTERNAL_STORAGE" />
15-->src\main\AndroidManifest.xml:6:3-78
15-->src\main\AndroidManifest.xml:6:20-76
16    <uses-permission android:name="android.permission.ACCESS_WIFI_STATE" />
16-->[com.facebook.flipper:flipper:0.54.0] AndroidManifest.xml:16:5-76
16-->[com.facebook.flipper:flipper:0.54.0] AndroidManifest.xml:16:22-73
17    <uses-permission android:name="android.permission.ACCESS_NETWORK_STATE" />
17-->[:expo-updates] AndroidManifest.xml:11:5-79
17-->[:expo-updates] AndroidManifest.xml:11:22-76
18
19    <queries>
19-->[:expo-file-system] AndroidManifest.xml:16:5-22:15
20
21        <!-- Query open documents -->
22        <intent>
22-->[:expo-file-system] AndroidManifest.xml:19:9-21:18
23            <action android:name="android.intent.action.OPEN_DOCUMENT_TREE" />
23-->[:expo-file-system] AndroidManifest.xml:20:13-79
23-->[:expo-file-system] AndroidManifest.xml:20:21-76
24        </intent>
25    </queries>
26
27    <uses-permission android:name="com.google.android.finsky.permission.BIND_GET_INSTALL_REFERRER_SERVICE" />
27-->[com.android.installreferrer:installreferrer:1.0] AndroidManifest.xml:9:5-110
27-->[com.android.installreferrer:installreferrer:1.0] AndroidManifest.xml:9:22-107
28
29    <application
29-->src\main\AndroidManifest.xml:7:3-21:17
30        android:name="com.calculator.MainApplication"
30-->src\main\AndroidManifest.xml:7:16-47
31        android:allowBackup="false"
31-->src\main\AndroidManifest.xml:7:162-189
32        android:appComponentFactory="androidx.core.app.CoreComponentFactory"
32-->[androidx.core:core:1.3.0] AndroidManifest.xml:24:18-86
33        android:debuggable="true"
34        android:icon="@mipmap/ic_launcher"
34-->src\main\AndroidManifest.xml:7:81-115
35        android:label="@string/app_name"
35-->src\main\AndroidManifest.xml:7:48-80
36        android:roundIcon="@mipmap/ic_launcher_round"
36-->src\main\AndroidManifest.xml:7:116-161
37        android:theme="@style/AppTheme"
37-->src\main\AndroidManifest.xml:7:190-221
38        android:usesCleartextTraffic="true" >
38-->src\main\AndroidManifest.xml:7:222-257
39        <meta-data
39-->src\main\AndroidManifest.xml:8:5-93
40            android:name="expo.modules.updates.EXPO_SDK_VERSION"
40-->src\main\AndroidManifest.xml:8:16-68
41            android:value="42.0.0" />
41-->src\main\AndroidManifest.xml:8:69-91
42        <meta-data
42-->src\main\AndroidManifest.xml:9:5-82
43            android:name="expo.modules.updates.ENABLED"
43-->src\main\AndroidManifest.xml:9:16-59
44            android:value="true" />
44-->src\main\AndroidManifest.xml:9:60-80
45        <meta-data
45-->src\main\AndroidManifest.xml:10:5-105
46            android:name="expo.modules.updates.EXPO_UPDATES_CHECK_ON_LAUNCH"
46-->src\main\AndroidManifest.xml:10:16-80
47            android:value="ALWAYS" />
47-->src\main\AndroidManifest.xml:10:81-103
48        <meta-data
48-->src\main\AndroidManifest.xml:11:5-99
49            android:name="expo.modules.updates.EXPO_UPDATES_LAUNCH_WAIT_MS"
49-->src\main\AndroidManifest.xml:11:16-79
50            android:value="0" />
50-->src\main\AndroidManifest.xml:11:80-97
51        <meta-data
51-->src\main\AndroidManifest.xml:12:5-128
52            android:name="expo.modules.updates.EXPO_UPDATE_URL"
52-->src\main\AndroidManifest.xml:12:16-67
53            android:value="https://exp.host/@peretarrida13/calculator" />
53-->src\main\AndroidManifest.xml:12:68-126
54        <meta-data
54-->src\main\AndroidManifest.xml:13:5-98
55            android:name="expo.modules.updates.EXPO_RELEASE_CHANNEL"
55-->src\main\AndroidManifest.xml:13:16-72
56            android:value="default" />
56-->src\main\AndroidManifest.xml:13:73-96
57
58        <activity
58-->src\main\AndroidManifest.xml:14:5-19:16
59            android:name="com.calculator.MainActivity"
59-->src\main\AndroidManifest.xml:14:15-43
60            android:configChanges="keyboard|keyboardHidden|orientation|screenSize|uiMode"
60-->src\main\AndroidManifest.xml:14:77-154
61            android:label="@string/app_name"
61-->src\main\AndroidManifest.xml:14:44-76
62            android:launchMode="singleTask"
62-->src\main\AndroidManifest.xml:14:155-186
63            android:theme="@style/Theme.App.SplashScreen"
63-->src\main\AndroidManifest.xml:14:230-275
64            android:windowSoftInputMode="adjustResize" >
64-->src\main\AndroidManifest.xml:14:187-229
65            <intent-filter>
65-->src\main\AndroidManifest.xml:15:7-18:23
66                <action android:name="android.intent.action.MAIN" />
66-->src\main\AndroidManifest.xml:16:9-60
66-->src\main\AndroidManifest.xml:16:17-58
67
68                <category android:name="android.intent.category.LAUNCHER" />
68-->src\main\AndroidManifest.xml:17:9-68
68-->src\main\AndroidManifest.xml:17:19-66
69            </intent-filter>
70        </activity>
71        <activity android:name="com.facebook.react.devsupport.DevSettingsActivity" />
71-->src\main\AndroidManifest.xml:20:5-81
71-->src\main\AndroidManifest.xml:20:15-79
72
73        <meta-data
73-->[:unimodules-react-native-adapter] AndroidManifest.xml:12:9-14:91
74            android:name="org.unimodules.core.AppLoader#react-native-headless"
74-->[:unimodules-react-native-adapter] AndroidManifest.xml:13:13-79
75            android:value="org.unimodules.adapters.react.apploader.RNHeadlessAppLoader" />
75-->[:unimodules-react-native-adapter] AndroidManifest.xml:14:13-88
76
77        <provider
77-->[:expo-file-system] AndroidManifest.xml:25:9-34:20
78            android:name="expo.modules.filesystem.FileSystemFileProvider"
78-->[:expo-file-system] AndroidManifest.xml:26:13-74
79            android:authorities="com.calculator.FileSystemFileProvider"
79-->[:expo-file-system] AndroidManifest.xml:27:13-74
80            android:exported="false"
80-->[:expo-file-system] AndroidManifest.xml:28:13-37
81            android:grantUriPermissions="true" >
81-->[:expo-file-system] AndroidManifest.xml:29:13-47
82            <meta-data
82-->[:expo-file-system] AndroidManifest.xml:31:13-33:70
83                android:name="android.support.FILE_PROVIDER_PATHS"
83-->[:expo-file-system] AndroidManifest.xml:32:17-67
84                android:resource="@xml/file_system_provider_paths" />
84-->[:expo-file-system] AndroidManifest.xml:33:17-67
85        </provider>
86
87        <service
87-->[androidx.room:room-runtime:2.1.0] AndroidManifest.xml:25:9-27:40
88            android:name="androidx.room.MultiInstanceInvalidationService"
88-->[androidx.room:room-runtime:2.1.0] AndroidManifest.xml:26:13-74
89            android:exported="false" />
89-->[androidx.room:room-runtime:2.1.0] AndroidManifest.xml:27:13-37
90    </application>
91
92</manifest>